<?xml version="1.0" encoding="UTF-8" ?>
<testsuite errors="0" failures="0" hostname="eugeny-thinkpad" name="org.labs.two.TestMatrix" skipped="0" tests="4" time="0.088" timestamp="2013-09-06T15:03:13">
  <properties>
[...]
</properties>
  <testcase classname="org.labs.two.TestMatrix" name="testCreation" time="0.001" />
  <testcase classname="org.labs.two.TestMatrix" name="testIO" time="0.005" />
  <testcase classname="org.labs.two.TestMatrix" name="testMultiplication" time="0.0" />
  <testcase classname="org.labs.two.TestMatrix" name="testSerialization" time="0.023" />
  <system-out><![CDATA[]]></system-out>
  <system-err><![CDATA[]]></system-err>
</testsuite>
